<?xml version="1.0" encoding="UTF-8"?>
<testsuite name="scoremecl.AppTest" tests="1" skipped="0" failures="0" errors="0" timestamp="2024-12-22T16:40:07" hostname="Adarshs-Laptop.local" time="0.006">
  <properties/>
  <testcase name="appHasAGreeting()" classname="scoremecl.AppTest" time="0.006"/>
  <system-out><![CDATA[]]></system-out>
  <system-err><![CDATA[]]></system-err>
</testsuite>
